#! /usr/bin/vvp
:ivl_version "0.9.7 " "(v0_9_7)";
:vpi_time_precision + 0;
:vpi_module "system";
:vpi_module "v2005_math";
:vpi_module "va_math";
S_0x18ea9e0 .scope module, "tb_ripple" "tb_ripple" 2 3;
 .timescale 0 0;
v0x1927960_0 .var "_A0", 0 0;
v0x19279e0_0 .var "_A1", 0 0;
v0x1927a60_0 .var "_A2", 0 0;
v0x1927ae0_0 .var "_A3", 0 0;
v0x1927b60_0 .var "_B0", 0 0;
v0x1927be0_0 .var "_B1", 0 0;
v0x1927c60_0 .var "_B2", 0 0;
v0x1927ce0_0 .var "_B3", 0 0;
v0x1927db0_0 .var "_car0", 0 0;
v0x1927e30_0 .net "_car1", 0 0, L_0x1928c40; 1 drivers
v0x1927f40_0 .net "_car2", 0 0, L_0x19296d0; 1 drivers
v0x1928050_0 .net "_car3", 0 0, L_0x192a1a0; 1 drivers
v0x1928160_0 .net "_car4", 0 0, L_0x192ac70; 1 drivers
v0x19281e0_0 .net "_sm0", 0 0, L_0x1928a10; 1 drivers
v0x19282e0_0 .net "_sm1", 0 0, L_0x19293d0; 1 drivers
v0x1928360_0 .net "_sm2", 0 0, L_0x1929ea0; 1 drivers
v0x1928260_0 .net "_sm3", 0 0, L_0x192a970; 1 drivers
S_0x18ead00 .scope module, "rp" "ripple" 2 12, 3 2, S_0x18ea9e0;
 .timescale 0 0;
v0x1926b70_0 .net "A0", 0 0, v0x1927960_0; 1 drivers
v0x1926c40_0 .net "A1", 0 0, v0x19279e0_0; 1 drivers
v0x1926d10_0 .net "A2", 0 0, v0x1927a60_0; 1 drivers
v0x1926de0_0 .net "A3", 0 0, v0x1927ae0_0; 1 drivers
v0x1926eb0_0 .net "B0", 0 0, v0x1927b60_0; 1 drivers
v0x1926f80_0 .net "B1", 0 0, v0x1927be0_0; 1 drivers
v0x1927050_0 .net "B2", 0 0, v0x1927c60_0; 1 drivers
v0x1927120_0 .net "B3", 0 0, v0x1927ce0_0; 1 drivers
v0x1927240_0 .net "car0", 0 0, v0x1927db0_0; 1 drivers
v0x1927310_0 .alias "car1", 0 0, v0x1927e30_0;
v0x19273f0_0 .alias "car2", 0 0, v0x1927f40_0;
v0x1927470_0 .alias "car3", 0 0, v0x1928050_0;
v0x1927560_0 .alias "car4", 0 0, v0x1928160_0;
v0x19275e0_0 .alias "sm0", 0 0, v0x19281e0_0;
v0x19276e0_0 .alias "sm1", 0 0, v0x19282e0_0;
v0x19277b0_0 .alias "sm2", 0 0, v0x1928360_0;
v0x1927660_0 .alias "sm3", 0 0, v0x1928260_0;
S_0x1925920 .scope module, "o1" "full" 3 8, 4 2, S_0x18ead00;
 .timescale 0 0;
L_0x1928c40 .functor OR 1, L_0x1928710, L_0x1928b50, C4<0>, C4<0>;
v0x19265a0_0 .alias "car", 0 0, v0x1927e30_0;
v0x1926690_0 .net "carry1", 0 0, L_0x1928710; 1 drivers
v0x1926710_0 .net "carry2", 0 0, L_0x1928b50; 1 drivers
v0x19267c0_0 .net "sum1", 0 0, L_0x19286b0; 1 drivers
v0x19268c0_0 .alias "sum2", 0 0, v0x19281e0_0;
v0x1926940_0 .alias "x1", 0 0, v0x1926b70_0;
v0x19269c0_0 .alias "y1", 0 0, v0x1926eb0_0;
v0x1926a70_0 .alias "z1", 0 0, v0x1927240_0;
S_0x1925fa0 .scope module, "ob1" "hf" 4 9, 5 1, S_0x1925920;
 .timescale 0 0;
L_0x1927390 .functor NOT 1, v0x1927b60_0, C4<0>, C4<0>, C4<0>;
L_0x1928500 .functor AND 1, v0x1927960_0, L_0x1927390, C4<1>, C4<1>;
L_0x19285f0 .functor NOT 1, v0x1927960_0, C4<0>, C4<0>, C4<0>;
L_0x1928650 .functor AND 1, L_0x19285f0, v0x1927b60_0, C4<1>, C4<1>;
L_0x19286b0 .functor OR 1, L_0x1928500, L_0x1928650, C4<0>, C4<0>;
L_0x1928710 .functor AND 1, v0x1927960_0, v0x1927b60_0, C4<1>, C4<1>;
v0x1926090_0 .net *"_s0", 0 0, L_0x1927390; 1 drivers
v0x1926110_0 .net *"_s2", 0 0, L_0x1928500; 1 drivers
v0x1926190_0 .net *"_s4", 0 0, L_0x19285f0; 1 drivers
v0x1926230_0 .net *"_s6", 0 0, L_0x1928650; 1 drivers
v0x19262d0_0 .alias "carry", 0 0, v0x1926690_0;
v0x1926370_0 .alias "sum", 0 0, v0x19267c0_0;
v0x1926430_0 .alias "x", 0 0, v0x1926b70_0;
v0x19264b0_0 .alias "y", 0 0, v0x1926eb0_0;
S_0x1925a10 .scope module, "ob2" "hf" 4 10, 5 1, S_0x1925920;
 .timescale 0 0;
L_0x1928770 .functor NOT 1, v0x1927db0_0, C4<0>, C4<0>, C4<0>;
L_0x1928860 .functor AND 1, L_0x19286b0, L_0x1928770, C4<1>, C4<1>;
L_0x1928950 .functor NOT 1, L_0x19286b0, C4<0>, C4<0>, C4<0>;
L_0x19289b0 .functor AND 1, L_0x1928950, v0x1927db0_0, C4<1>, C4<1>;
L_0x1928a10 .functor OR 1, L_0x1928860, L_0x19289b0, C4<0>, C4<0>;
L_0x1928b50 .functor AND 1, L_0x19286b0, v0x1927db0_0, C4<1>, C4<1>;
v0x1925b00_0 .net *"_s0", 0 0, L_0x1928770; 1 drivers
v0x1925b80_0 .net *"_s2", 0 0, L_0x1928860; 1 drivers
v0x1925c00_0 .net *"_s4", 0 0, L_0x1928950; 1 drivers
v0x1925c80_0 .net *"_s6", 0 0, L_0x19289b0; 1 drivers
v0x1925d30_0 .alias "carry", 0 0, v0x1926710_0;
v0x1925db0_0 .alias "sum", 0 0, v0x19281e0_0;
v0x1925e30_0 .alias "x", 0 0, v0x19267c0_0;
v0x1925eb0_0 .alias "y", 0 0, v0x1927240_0;
S_0x19246d0 .scope module, "o2" "full" 3 9, 4 2, S_0x18ead00;
 .timescale 0 0;
L_0x19296d0 .functor OR 1, L_0x1929040, L_0x1929510, C4<0>, C4<0>;
v0x1925350_0 .alias "car", 0 0, v0x1927f40_0;
v0x1925440_0 .net "carry1", 0 0, L_0x1929040; 1 drivers
v0x19254c0_0 .net "carry2", 0 0, L_0x1929510; 1 drivers
v0x1925570_0 .net "sum1", 0 0, L_0x1928f40; 1 drivers
v0x1925670_0 .alias "sum2", 0 0, v0x19282e0_0;
v0x19256f0_0 .alias "x1", 0 0, v0x1926c40_0;
v0x1925770_0 .alias "y1", 0 0, v0x1926f80_0;
v0x1925820_0 .alias "z1", 0 0, v0x1927e30_0;
S_0x1924d50 .scope module, "ob1" "hf" 4 9, 5 1, S_0x19246d0;
 .timescale 0 0;
L_0x1928ca0 .functor NOT 1, v0x1927be0_0, C4<0>, C4<0>, C4<0>;
L_0x1928d90 .functor AND 1, v0x19279e0_0, L_0x1928ca0, C4<1>, C4<1>;
L_0x1928e80 .functor NOT 1, v0x19279e0_0, C4<0>, C4<0>, C4<0>;
L_0x1928ee0 .functor AND 1, L_0x1928e80, v0x1927be0_0, C4<1>, C4<1>;
L_0x1928f40 .functor OR 1, L_0x1928d90, L_0x1928ee0, C4<0>, C4<0>;
L_0x1929040 .functor AND 1, v0x19279e0_0, v0x1927be0_0, C4<1>, C4<1>;
v0x1924e40_0 .net *"_s0", 0 0, L_0x1928ca0; 1 drivers
v0x1924f00_0 .net *"_s2", 0 0, L_0x1928d90; 1 drivers
v0x1924fa0_0 .net *"_s4", 0 0, L_0x1928e80; 1 drivers
v0x1925040_0 .net *"_s6", 0 0, L_0x1928ee0; 1 drivers
v0x19250c0_0 .alias "carry", 0 0, v0x1925440_0;
v0x1925160_0 .alias "sum", 0 0, v0x1925570_0;
v0x19251e0_0 .alias "x", 0 0, v0x1926c40_0;
v0x1925260_0 .alias "y", 0 0, v0x1926f80_0;
S_0x19247c0 .scope module, "ob2" "hf" 4 10, 5 1, S_0x19246d0;
 .timescale 0 0;
L_0x1929130 .functor NOT 1, L_0x1928c40, C4<0>, C4<0>, C4<0>;
L_0x19291b0 .functor AND 1, L_0x1928f40, L_0x1929130, C4<1>, C4<1>;
L_0x19292c0 .functor NOT 1, L_0x1928f40, C4<0>, C4<0>, C4<0>;
L_0x1929320 .functor AND 1, L_0x19292c0, L_0x1928c40, C4<1>, C4<1>;
L_0x19293d0 .functor OR 1, L_0x19291b0, L_0x1929320, C4<0>, C4<0>;
L_0x1929510 .functor AND 1, L_0x1928f40, L_0x1928c40, C4<1>, C4<1>;
v0x19248b0_0 .net *"_s0", 0 0, L_0x1929130; 1 drivers
v0x1924930_0 .net *"_s2", 0 0, L_0x19291b0; 1 drivers
v0x19249b0_0 .net *"_s4", 0 0, L_0x19292c0; 1 drivers
v0x1924a30_0 .net *"_s6", 0 0, L_0x1929320; 1 drivers
v0x1924ae0_0 .alias "carry", 0 0, v0x19254c0_0;
v0x1924b60_0 .alias "sum", 0 0, v0x19282e0_0;
v0x1924be0_0 .alias "x", 0 0, v0x1925570_0;
v0x1924c60_0 .alias "y", 0 0, v0x1927e30_0;
S_0x1923480 .scope module, "o3" "full" 3 10, 4 2, S_0x18ead00;
 .timescale 0 0;
L_0x192a1a0 .functor OR 1, L_0x1929b10, L_0x1929fe0, C4<0>, C4<0>;
v0x1924100_0 .alias "car", 0 0, v0x1928050_0;
v0x19241f0_0 .net "carry1", 0 0, L_0x1929b10; 1 drivers
v0x1924270_0 .net "carry2", 0 0, L_0x1929fe0; 1 drivers
v0x1924320_0 .net "sum1", 0 0, L_0x1929a10; 1 drivers
v0x1924420_0 .alias "sum2", 0 0, v0x1928360_0;
v0x19244a0_0 .alias "x1", 0 0, v0x1926d10_0;
v0x1924520_0 .alias "y1", 0 0, v0x1927050_0;
v0x19245d0_0 .alias "z1", 0 0, v0x1927f40_0;
S_0x1923b00 .scope module, "ob1" "hf" 4 9, 5 1, S_0x1923480;
 .timescale 0 0;
L_0x1929730 .functor NOT 1, v0x1927c60_0, C4<0>, C4<0>, C4<0>;
L_0x1929840 .functor AND 1, v0x1927a60_0, L_0x1929730, C4<1>, C4<1>;
L_0x1929950 .functor NOT 1, v0x1927a60_0, C4<0>, C4<0>, C4<0>;
L_0x19299b0 .functor AND 1, L_0x1929950, v0x1927c60_0, C4<1>, C4<1>;
L_0x1929a10 .functor OR 1, L_0x1929840, L_0x19299b0, C4<0>, C4<0>;
L_0x1929b10 .functor AND 1, v0x1927a60_0, v0x1927c60_0, C4<1>, C4<1>;
v0x1923bf0_0 .net *"_s0", 0 0, L_0x1929730; 1 drivers
v0x1923cb0_0 .net *"_s2", 0 0, L_0x1929840; 1 drivers
v0x1923d50_0 .net *"_s4", 0 0, L_0x1929950; 1 drivers
v0x1923df0_0 .net *"_s6", 0 0, L_0x19299b0; 1 drivers
v0x1923e70_0 .alias "carry", 0 0, v0x19241f0_0;
v0x1923f10_0 .alias "sum", 0 0, v0x1924320_0;
v0x1923f90_0 .alias "x", 0 0, v0x1926d10_0;
v0x1924010_0 .alias "y", 0 0, v0x1927050_0;
S_0x1923570 .scope module, "ob2" "hf" 4 10, 5 1, S_0x1923480;
 .timescale 0 0;
L_0x1929c00 .functor NOT 1, L_0x19296d0, C4<0>, C4<0>, C4<0>;
L_0x1929c80 .functor AND 1, L_0x1929a10, L_0x1929c00, C4<1>, C4<1>;
L_0x1929d90 .functor NOT 1, L_0x1929a10, C4<0>, C4<0>, C4<0>;
L_0x1929df0 .functor AND 1, L_0x1929d90, L_0x19296d0, C4<1>, C4<1>;
L_0x1929ea0 .functor OR 1, L_0x1929c80, L_0x1929df0, C4<0>, C4<0>;
L_0x1929fe0 .functor AND 1, L_0x1929a10, L_0x19296d0, C4<1>, C4<1>;
v0x1923660_0 .net *"_s0", 0 0, L_0x1929c00; 1 drivers
v0x19236e0_0 .net *"_s2", 0 0, L_0x1929c80; 1 drivers
v0x1923760_0 .net *"_s4", 0 0, L_0x1929d90; 1 drivers
v0x19237e0_0 .net *"_s6", 0 0, L_0x1929df0; 1 drivers
v0x1923890_0 .alias "carry", 0 0, v0x1924270_0;
v0x1923910_0 .alias "sum", 0 0, v0x1928360_0;
v0x1923990_0 .alias "x", 0 0, v0x1924320_0;
v0x1923a10_0 .alias "y", 0 0, v0x1927f40_0;
S_0x18ebca0 .scope module, "o4" "full" 3 11, 4 2, S_0x18ead00;
 .timescale 0 0;
L_0x192ac70 .functor OR 1, L_0x192a5e0, L_0x192aab0, C4<0>, C4<0>;
v0x1922eb0_0 .alias "car", 0 0, v0x1928160_0;
v0x1922f70_0 .net "carry1", 0 0, L_0x192a5e0; 1 drivers
v0x1923020_0 .net "carry2", 0 0, L_0x192aab0; 1 drivers
v0x19230d0_0 .net "sum1", 0 0, L_0x192a4e0; 1 drivers
v0x19231d0_0 .alias "sum2", 0 0, v0x1928260_0;
v0x1923250_0 .alias "x1", 0 0, v0x1926de0_0;
v0x19232d0_0 .alias "y1", 0 0, v0x1927120_0;
v0x1923380_0 .alias "z1", 0 0, v0x1928050_0;
S_0x19228b0 .scope module, "ob1" "hf" 4 9, 5 1, S_0x18ebca0;
 .timescale 0 0;
L_0x192a200 .functor NOT 1, v0x1927ce0_0, C4<0>, C4<0>, C4<0>;
L_0x192a310 .functor AND 1, v0x1927ae0_0, L_0x192a200, C4<1>, C4<1>;
L_0x192a420 .functor NOT 1, v0x1927ae0_0, C4<0>, C4<0>, C4<0>;
L_0x192a480 .functor AND 1, L_0x192a420, v0x1927ce0_0, C4<1>, C4<1>;
L_0x192a4e0 .functor OR 1, L_0x192a310, L_0x192a480, C4<0>, C4<0>;
L_0x192a5e0 .functor AND 1, v0x1927ae0_0, v0x1927ce0_0, C4<1>, C4<1>;
v0x19229a0_0 .net *"_s0", 0 0, L_0x192a200; 1 drivers
v0x1922a60_0 .net *"_s2", 0 0, L_0x192a310; 1 drivers
v0x1922b00_0 .net *"_s4", 0 0, L_0x192a420; 1 drivers
v0x1922ba0_0 .net *"_s6", 0 0, L_0x192a480; 1 drivers
v0x1922c20_0 .alias "carry", 0 0, v0x1922f70_0;
v0x1922cc0_0 .alias "sum", 0 0, v0x19230d0_0;
v0x1922d40_0 .alias "x", 0 0, v0x1926de0_0;
v0x1922dc0_0 .alias "y", 0 0, v0x1927120_0;
S_0x18ebf80 .scope module, "ob2" "hf" 4 10, 5 1, S_0x18ebca0;
 .timescale 0 0;
L_0x192a6d0 .functor NOT 1, L_0x192a1a0, C4<0>, C4<0>, C4<0>;
L_0x192a750 .functor AND 1, L_0x192a4e0, L_0x192a6d0, C4<1>, C4<1>;
L_0x192a860 .functor NOT 1, L_0x192a4e0, C4<0>, C4<0>, C4<0>;
L_0x192a8c0 .functor AND 1, L_0x192a860, L_0x192a1a0, C4<1>, C4<1>;
L_0x192a970 .functor OR 1, L_0x192a750, L_0x192a8c0, C4<0>, C4<0>;
L_0x192aab0 .functor AND 1, L_0x192a4e0, L_0x192a1a0, C4<1>, C4<1>;
v0x18ec400_0 .net *"_s0", 0 0, L_0x192a6d0; 1 drivers
v0x19223b0_0 .net *"_s2", 0 0, L_0x192a750; 1 drivers
v0x1922450_0 .net *"_s4", 0 0, L_0x192a860; 1 drivers
v0x19224f0_0 .net *"_s6", 0 0, L_0x192a8c0; 1 drivers
v0x19225a0_0 .alias "carry", 0 0, v0x1923020_0;
v0x1922640_0 .alias "sum", 0 0, v0x1928260_0;
v0x1922720_0 .alias "x", 0 0, v0x19230d0_0;
v0x19227c0_0 .alias "y", 0 0, v0x1928050_0;
    .scope S_0x18ea9e0;
T_0 ;
    %vpi_call 2 17 "$display", "\012For test cases in the tb_ripple.v file, the 4-bit ripple adder output:";
    %set/v v0x1927ae0_0, 1, 1;
    %set/v v0x1927a60_0, 0, 1;
    %set/v v0x19279e0_0, 1, 1;
    %set/v v0x1927960_0, 1, 1;
    %set/v v0x1927ce0_0, 0, 1;
    %set/v v0x1927c60_0, 0, 1;
    %set/v v0x1927be0_0, 1, 1;
    %set/v v0x1927b60_0, 1, 1;
    %set/v v0x1927db0_0, 0, 1;
    %delay 10, 0;
    %vpi_call 2 24 "$display", "sum = %b%b%b%b, carry = %b%b%b%b", v0x1928260_0, v0x1928360_0, v0x19282e0_0, v0x19281e0_0, v0x1928160_0, v0x1928050_0, v0x1927f40_0, v0x1927e30_0;
    %set/v v0x1927ae0_0, 1, 1;
    %set/v v0x1927a60_0, 0, 1;
    %set/v v0x19279e0_0, 1, 1;
    %set/v v0x1927960_0, 1, 1;
    %set/v v0x1927ce0_0, 0, 1;
    %set/v v0x1927c60_0, 1, 1;
    %set/v v0x1927be0_0, 1, 1;
    %set/v v0x1927b60_0, 1, 1;
    %set/v v0x1927db0_0, 0, 1;
    %delay 10, 0;
    %vpi_call 2 33 "$display", "sum = %b%b%b%b, carry = %b%b%b%b", v0x1928260_0, v0x1928360_0, v0x19282e0_0, v0x19281e0_0, v0x1928160_0, v0x1928050_0, v0x1927f40_0, v0x1927e30_0;
    %set/v v0x1927ae0_0, 1, 1;
    %set/v v0x1927a60_0, 0, 1;
    %set/v v0x19279e0_0, 0, 1;
    %set/v v0x1927960_0, 1, 1;
    %set/v v0x1927ce0_0, 1, 1;
    %set/v v0x1927c60_0, 0, 1;
    %set/v v0x1927be0_0, 0, 1;
    %set/v v0x1927b60_0, 1, 1;
    %set/v v0x1927db0_0, 0, 1;
    %delay 10, 0;
    %vpi_call 2 42 "$display", "sum = %b%b%b%b, carry = %b%b%b%b", v0x1928260_0, v0x1928360_0, v0x19282e0_0, v0x19281e0_0, v0x1928160_0, v0x1928050_0, v0x1927f40_0, v0x1927e30_0;
    %set/v v0x1927ae0_0, 1, 1;
    %set/v v0x1927a60_0, 0, 1;
    %set/v v0x19279e0_0, 0, 1;
    %set/v v0x1927960_0, 0, 1;
    %set/v v0x1927ce0_0, 0, 1;
    %set/v v0x1927c60_0, 1, 1;
    %set/v v0x1927be0_0, 1, 1;
    %set/v v0x1927b60_0, 1, 1;
    %set/v v0x1927db0_0, 0, 1;
    %delay 10, 0;
    %vpi_call 2 51 "$display", "sum = %b%b%b%b, carry = %b%b%b%b", v0x1928260_0, v0x1928360_0, v0x19282e0_0, v0x19281e0_0, v0x1928160_0, v0x1928050_0, v0x1927f40_0, v0x1927e30_0;
    %end;
    .thread T_0;
    .scope S_0x18ea9e0;
T_1 ;
    %vpi_call 2 56 "$dumpfile", "tb_ripple.vcd";
    %vpi_call 2 57 "$dumpvars", 1'sb0, S_0x18ea9e0;
    %end;
    .thread T_1;
# The file index is used to find the file name in the following table.
:file_names 6;
    "N/A";
    "<interactive>";
    "tb_ripple.v";
    "./ripple.v";
    "./full.v";
    "./hf.v";
