#! /usr/bin/vvp
:ivl_version "0.9.7 " "(v0_9_7)";
:vpi_time_precision + 0;
:vpi_module "system";
:vpi_module "v2005_math";
:vpi_module "va_math";
S_0xf2cc30 .scope module, "m" "m" 2 2;
 .timescale 0 0;
v0xf48fd0_0 .var "i", 0 0;
v0xf49070_0 .net "o", 0 0, L_0xf49750; 1 drivers
v0xf49120_0 .var "r", 0 0;
S_0xf2cd20 .scope module, "p" "pulse" 2 4, 3 3, S_0xf2cc30;
 .timescale 0 0;
L_0xf49490 .functor AND 1, L_0xf491d0, L_0xf493a0, C4<1>, C4<1>;
L_0xf49750 .functor AND 1, L_0xf49490, L_0xf49630, C4<1>, C4<1>;
v0xf08c80_0 .net *"_s1", 0 0, L_0xf491d0; 1 drivers
v0xf48930_0 .net *"_s11", 0 0, L_0xf49630; 1 drivers
v0xf489d0_0 .net *"_s3", 0 0, L_0xf492d0; 1 drivers
v0xf48a70_0 .net *"_s5", 0 0, L_0xf493a0; 1 drivers
v0xf48b20_0 .net *"_s6", 0 0, L_0xf49490; 1 drivers
v0xf48bc0_0 .net *"_s9", 0 0, L_0xf49590; 1 drivers
v0xf48ca0_0 .net "in", 0 0, v0xf48fd0_0; 1 drivers
v0xf48d40_0 .alias "out", 0 0, v0xf49070_0;
v0xf48e30_0 .net "rst", 0 0, v0xf49120_0; 1 drivers
v0xf48ed0_0 .var "st", 2 0;
E_0xf0ba60/0 .event negedge, v0xf48e30_0;
E_0xf0ba60/1 .event posedge, v0xf48ca0_0;
E_0xf0ba60 .event/or E_0xf0ba60/0, E_0xf0ba60/1;
L_0xf491d0 .part v0xf48ed0_0, 2, 1;
L_0xf492d0 .part v0xf48ed0_0, 1, 1;
L_0xf493a0 .reduce/nor L_0xf492d0;
L_0xf49590 .part v0xf48ed0_0, 0, 1;
L_0xf49630 .reduce/nor L_0xf49590;
    .scope S_0xf2cd20;
T_0 ;
    %wait E_0xf0ba60;
    %load/v 8, v0xf48e30_0, 1;
    %inv 8, 1;
    %jmp/0xz  T_0.0, 8;
    %set/v v0xf48ed0_0, 0, 3;
    %jmp T_0.1;
T_0.0 ;
    %load/v 8, v0xf48ed0_0, 3;
    %cmpi/u 8, 4, 3;
    %inv 4, 1;
    %jmp/0xz  T_0.2, 4;
    %ix/load 0, 1, 0;
    %load/vp0 8, v0xf48ed0_0, 3;
    %ix/load 0, 3, 0;
    %assign/v0 v0xf48ed0_0, 0, 8;
    %jmp T_0.3;
T_0.2 ;
    %movi 8, 1, 3;
    %ix/load 0, 3, 0;
    %assign/v0 v0xf48ed0_0, 0, 8;
T_0.3 ;
T_0.1 ;
    %jmp T_0;
    .thread T_0;
    .scope S_0xf2cc30;
T_1 ;
    %set/v v0xf48fd0_0, 1, 1;
    %set/v v0xf49120_0, 1, 1;
    %delay 12, 0;
    %vpi_call 2 17 "$display", "out = %b", v0xf49070_0;
    %set/v v0xf48fd0_0, 0, 1;
    %set/v v0xf49120_0, 1, 1;
    %delay 2, 0;
    %vpi_call 2 19 "$display", "out = %b", v0xf49070_0;
    %set/v v0xf48fd0_0, 1, 1;
    %set/v v0xf49120_0, 1, 1;
    %delay 16, 0;
    %vpi_call 2 21 "$display", "out = %b", v0xf49070_0;
    %set/v v0xf48fd0_0, 0, 1;
    %set/v v0xf49120_0, 1, 1;
    %delay 4, 0;
    %vpi_call 2 23 "$display", "out = %b", v0xf49070_0;
    %set/v v0xf48fd0_0, 1, 1;
    %set/v v0xf49120_0, 1, 1;
    %delay 8, 0;
    %vpi_call 2 25 "$display", "out = %b", v0xf49070_0;
    %set/v v0xf48fd0_0, 0, 1;
    %set/v v0xf49120_0, 1, 1;
    %delay 6, 0;
    %vpi_call 2 27 "$display", "out = %b", v0xf49070_0;
    %set/v v0xf48fd0_0, 1, 1;
    %set/v v0xf49120_0, 1, 1;
    %delay 6, 0;
    %vpi_call 2 29 "$display", "out = %b", v0xf49070_0;
    %set/v v0xf48fd0_0, 1, 1;
    %set/v v0xf49120_0, 1, 1;
    %delay 12, 0;
    %vpi_call 2 31 "$display", "out = %b", v0xf49070_0;
    %set/v v0xf48fd0_0, 0, 1;
    %set/v v0xf49120_0, 1, 1;
    %delay 2, 0;
    %vpi_call 2 33 "$display", "out = %b", v0xf49070_0;
    %set/v v0xf48fd0_0, 1, 1;
    %set/v v0xf49120_0, 1, 1;
    %delay 8, 0;
    %vpi_call 2 35 "$display", "out = %b", v0xf49070_0;
    %set/v v0xf48fd0_0, 0, 1;
    %set/v v0xf49120_0, 1, 1;
    %delay 10, 0;
    %vpi_call 2 37 "$display", "out = %b", v0xf49070_0;
    %set/v v0xf48fd0_0, 1, 1;
    %set/v v0xf49120_0, 1, 1;
    %delay 20, 0;
    %vpi_call 2 39 "$display", "out = %b", v0xf49070_0;
    %set/v v0xf48fd0_0, 0, 1;
    %set/v v0xf49120_0, 1, 1;
    %delay 6, 0;
    %vpi_call 2 41 "$display", "out = %b", v0xf49070_0;
    %set/v v0xf48fd0_0, 1, 1;
    %set/v v0xf49120_0, 1, 1;
    %delay 8, 0;
    %vpi_call 2 43 "$display", "out = %b", v0xf49070_0;
    %set/v v0xf48fd0_0, 0, 1;
    %set/v v0xf49120_0, 1, 1;
    %delay 12, 0;
    %vpi_call 2 45 "$display", "out = %b", v0xf49070_0;
    %set/v v0xf48fd0_0, 1, 1;
    %set/v v0xf49120_0, 1, 1;
    %delay 4, 0;
    %vpi_call 2 47 "$display", "out = %b", v0xf49070_0;
    %set/v v0xf48fd0_0, 0, 1;
    %set/v v0xf49120_0, 1, 1;
    %delay 8, 0;
    %vpi_call 2 49 "$display", "out = %b", v0xf49070_0;
    %set/v v0xf48fd0_0, 1, 1;
    %set/v v0xf49120_0, 0, 1;
    %delay 12, 0;
    %vpi_call 2 51 "$display", "out = %b", v0xf49070_0;
    %set/v v0xf48fd0_0, 0, 1;
    %set/v v0xf49120_0, 0, 1;
    %delay 4, 0;
    %vpi_call 2 53 "$display", "out = %b", v0xf49070_0;
    %set/v v0xf48fd0_0, 1, 1;
    %set/v v0xf49120_0, 0, 1;
    %delay 8, 0;
    %vpi_call 2 55 "$display", "out = %b", v0xf49070_0;
    %end;
    .thread T_1;
    .scope S_0xf2cc30;
T_2 ;
    %vpi_call 2 61 "$dumpfile", "tb_pulse.vcd";
    %vpi_call 2 62 "$dumpvars", 1'sb0, S_0xf2cc30;
    %end;
    .thread T_2;
# The file index is used to find the file name in the following table.
:file_names 4;
    "N/A";
    "<interactive>";
    "tb_pulse.v";
    "./pulse.v";
